[    0.000000] Linux version 4.15.0-66-generic (buildd@lgw01-amd64-044) (gcc version 7.4.0 (Ubuntu 7.4.0-1ubuntu1~18.04.1)) #75-Ubuntu SMP Tue Oct 1 05:24:09 UTC 2019 (Ubuntu 4.15.0-66.75-generic 4.15.18)
[    0.000000] Command line: BOOT_IMAGE=/boot/vmlinuz-4.15.0-66-generic root=LABEL=cloudimg-rootfs ro console=tty1 console=ttyS0
[    0.000000] KERNEL supported cpus:
[    0.000000]   Intel GenuineIntel
[    0.000000]   AMD AuthenticAMD
[    0.000000]   Centaur CentaurHauls
[    0.000000] x86/fpu: Supporting XSAVE feature 0x001: 'x87 floating point registers'
[    0.000000] x86/fpu: Supporting XSAVE feature 0x002: 'SSE registers'
[    0.000000] x86/fpu: Supporting XSAVE feature 0x004: 'AVX registers'
[    0.000000] x86/fpu: xstate_offset[2]:  576, xstate_sizes[2]:  256
[    0.000000] x86/fpu: Enabled xstate features 0x7, context size is 832 bytes, using 'standard' format.
[    0.000000] e820: BIOS-provided physical RAM map:
[    0.000000] BIOS-e820: [mem 0x0000000000000000-0x000000000009fbff] usable
[    0.000000] BIOS-e820: [mem 0x000000000009fc00-0x000000000009ffff] reserved
[    0.000000] BIOS-e820: [mem 0x00000000000f0000-0x00000000000fffff] reserved
[    0.000000] BIOS-e820: [mem 0x0000000000100000-0x000000003ffeffff] usable
[    0.000000] BIOS-e820: [mem 0x000000003fff0000-0x000000003fffffff] ACPI data
[    0.000000] BIOS-e820: [mem 0x00000000fec00000-0x00000000fec00fff] reserved
[    0.000000] BIOS-e820: [mem 0x00000000fee00000-0x00000000fee00fff] reserved
[    0.000000] BIOS-e820: [mem 0x00000000fffc0000-0x00000000ffffffff] reserved
[    0.000000] NX (Execute Disable) protection: active
[    0.000000] SMBIOS 2.5 present.
[    0.000000] DMI: innotek GmbH VirtualBox/VirtualBox, BIOS VirtualBox 12/01/2006
[    0.000000] Hypervisor detected: KVM
[    0.000000] e820: last_pfn = 0x3fff0 max_arch_pfn = 0x400000000
[    0.000000] MTRR: Disabled
[    0.000000] x86/PAT: MTRRs disabled, skipping PAT initialization too.
[    0.000000] CPU MTRRs all blank - virtualized system.
[    0.000000] x86/PAT: Configuration [0-7]: WB  WT  UC- UC  WB  WT  UC- UC  
[    0.000000] found SMP MP-table at [mem 0x0009fff0-0x0009ffff]
[    0.000000] Scanning 1 areas for low memory corruption
[    0.000000] RAMDISK: [mem 0x35a89000-0x36d3bfff]
[    0.000000] ACPI: Early table checksum verification disabled
[    0.000000] ACPI: RSDP 0x00000000000E0000 000024 (v02 VBOX  )
[    0.000000] ACPI: XSDT 0x000000003FFF0030 00003C (v01 VBOX   VBOXXSDT 00000001 ASL  00000061)
[    0.000000] ACPI: FACP 0x000000003FFF00F0 0000F4 (v04 VBOX   VBOXFACP 00000001 ASL  00000061)
[    0.000000] ACPI: DSDT 0x000000003FFF0470 0021FF (v02 VBOX   VBOXBIOS 00000002 INTL 20180105)
[    0.000000] ACPI: FACS 0x000000003FFF0200 000040
[    0.000000] ACPI: FACS 0x000000003FFF0200 000040
[    0.000000] ACPI: APIC 0x000000003FFF0240 00005C (v02 VBOX   VBOXAPIC 00000001 ASL  00000061)
[    0.000000] ACPI: SSDT 0x000000003FFF02A0 0001CC (v01 VBOX   VBOXCPUT 00000002 INTL 20180105)
[    0.000000] No NUMA configuration found
[    0.000000] Faking a node at [mem 0x0000000000000000-0x000000003ffeffff]
[    0.000000] NODE_DATA(0) allocated [mem 0x3ffc5000-0x3ffeffff]
[    0.000000] kvm-clock: cpu 0, msr 0:3ff44001, primary cpu clock
[    0.000000] kvm-clock: Using msrs 4b564d01 and 4b564d00
[    0.000000] kvm-clock: using sched offset of 3144729912 cycles
[    0.000000] clocksource: kvm-clock: mask: 0xffffffffffffffff max_cycles: 0x1cd42e4dffb, max_idle_ns: 881590591483 ns
[    0.000000] Zone ranges:
[    0.000000]   DMA      [mem 0x0000000000001000-0x0000000000ffffff]
[    0.000000]   DMA32    [mem 0x0000000001000000-0x000000003ffeffff]
[    0.000000]   Normal   empty
[    0.000000]   Device   empty
[    0.000000] Movable zone start for each node
[    0.000000] Early memory node ranges
[    0.000000]   node   0: [mem 0x0000000000001000-0x000000000009efff]
[    0.000000]   node   0: [mem 0x0000000000100000-0x000000003ffeffff]
[    0.000000] Reserved but unavailable: 98 pages
[    0.000000] Initmem setup node 0 [mem 0x0000000000001000-0x000000003ffeffff]
[    0.000000] ACPI: PM-Timer IO Port: 0x4008
[    0.000000] IOAPIC[0]: apic_id 2, version 32, address 0xfec00000, GSI 0-23
[    0.000000] ACPI: INT_SRC_OVR (bus 0 bus_irq 0 global_irq 2 dfl dfl)
[    0.000000] ACPI: INT_SRC_OVR (bus 0 bus_irq 9 global_irq 9 low level)
[    0.000000] Using ACPI (MADT) for SMP configuration information
[    0.000000] smpboot: Allowing 2 CPUs, 0 hotplug CPUs
[    0.000000] PM: Registered nosave memory: [mem 0x00000000-0x00000fff]
[    0.000000] PM: Registered nosave memory: [mem 0x0009f000-0x0009ffff]
[    0.000000] PM: Registered nosave memory: [mem 0x000a0000-0x000effff]
[    0.000000] PM: Registered nosave memory: [mem 0x000f0000-0x000fffff]
[    0.000000] e820: [mem 0x40000000-0xfebfffff] available for PCI devices
[    0.000000] Booting paravirtualized kernel on KVM
[    0.000000] clocksource: refined-jiffies: mask: 0xffffffff max_cycles: 0xffffffff, max_idle_ns: 7645519600211568 ns
[    0.000000] random: get_random_bytes called from start_kernel+0x99/0x4fd with crng_init=0
[    0.000000] setup_percpu: NR_CPUS:8192 nr_cpumask_bits:2 nr_cpu_ids:2 nr_node_ids:1
[    0.000000] percpu: Embedded 46 pages/cpu s151552 r8192 d28672 u1048576
[    0.000000] PV qspinlock hash table entries: 256 (order: 0, 4096 bytes)
[    0.000000] Built 1 zonelists, mobility grouping on.  Total pages: 257913
[    0.000000] Policy zone: DMA32
[    0.000000] Kernel command line: BOOT_IMAGE=/boot/vmlinuz-4.15.0-66-generic root=LABEL=cloudimg-rootfs ro console=tty1 console=ttyS0
[    0.000000] Memory: 983432K/1048120K available (12300K kernel code, 2481K rwdata, 4260K rodata, 2436K init, 2388K bss, 64688K reserved, 0K cma-reserved)
[    0.000000] SLUB: HWalign=64, Order=0-3, MinObjects=0, CPUs=2, Nodes=1
[    0.000000] Kernel/User page tables isolation: enabled
[    0.000000] ftrace: allocating 39306 entries in 154 pages
[    0.004000] Hierarchical RCU implementation.
[    0.004000] 	RCU restricting CPUs from NR_CPUS=8192 to nr_cpu_ids=2.
[    0.004000] 	Tasks RCU enabled.
[    0.004000] RCU: Adjusting geometry for rcu_fanout_leaf=16, nr_cpu_ids=2
[    0.004000] NR_IRQS: 524544, nr_irqs: 440, preallocated irqs: 16
[    0.004000] Console: colour VGA+ 80x25
[    0.004000] console [tty1] enabled
[    0.004000] console [ttyS0] enabled
[    0.004000] ACPI: Core revision 20170831
[    0.004000] ACPI: 2 ACPI AML tables successfully acquired and loaded
[    0.004000] APIC: Switch to symmetric I/O mode setup
[    0.004000] x2apic enabled
[    0.004000] Switched APIC routing to physical x2apic.
[    0.00400] .TIMER: vector=0x30 apic1=0 pin1=2 apic2=-1 pin2=-1
[    0.004006] tsc: Detected 3392.144 MHz processor
[    0.004777] Calibrating delay loop (skipped) preset value.. 6784.28 BogoMIPS (lpj=13568576)
[    0.008004] pid_max: default: 32768 minimum: 301
[    0.008807] Security Framework initialized
[    0.012003] Yama: becoming mindful.
[    0.012640] AppArmor: AppArmor initialized
[    0.013946] Dentry cache hash table entries: 131072 (order: 8, 1048576 bytes)
[    0.016080] Inode-cache hash table entries: 65536 (order: 7, 524288 bytes)
[    0.017174] Mount-cache hash table entries: 2048 (order: 2, 16384 bytes)
[    0.018281] Mountpoint-cache hash table entries: 2048 (order: 2, 16384 bytes)
[    0.020256] Last level iTLB entries: 4KB 1024, 2MB 1024, 4MB 1024
[    0.024003] Last level dTLB entries: 4KB 1024, 2MB 1024, 4MB 1024, 1GB 4
[    0.025090] Spectre V1 : Mitigation: usercopy/swapgs barriers and __user pointer sanitization
[    0.026490] Spectre V2 : Mitigation: Full generic retpoline
[    0.028002] Spectre V2 : Spectre v2 / SpectreRSB mitigation: Filling RSB on context switch
[    0.029357] Speculative Store Bypass: Vulnerable
[    0.030172] MDS: Vulnerable: Clear CPU buffers attempted, no microcode
[    0.032189] Freeing SMP alternatives memory: 36K
[    0.142996] smpboot: CPU0: Intel(R) Core(TM) i7-4770 CPU @ 3.40GHz (family: 0x6, model: 0x3c, stepping: 0x3)
[    0.144102] Performance Events: unsupported p6 CPU model 60 no PMU driver, software events only.
[    0.148040] Hierarchical SRCU implementation.
[    0.152669] NMI watchdog: Perf event create on CPU 0 failed with -2
[    0.156003] NMI watchdog: Perf NMI watchdog permanently disabled
[    0.157047] smp: Bringing up secondary CPUs ...
[    0.157911] x86: Booting SMP configuration:
[    0.158653] .... node  #0, CPUs:      #1
[    0.004000] kvm-clock: cpu 1, msr 0:3ff44041, secondary cpu clock
[    0.162807] smp: Brought up 1 node, 2 CPUs
[    0.162807] smpboot: Max logical packages: 1
[    0.164006] smpboot: Total of 2 processors activated (13568.57 BogoMIPS)
[    0.166347] devtmpfs: initialized
[    0.166347] x86/mm: Memory block size: 128MB
[    0.168183] evm: security.selinux
[    0.168864] evm: security.SMACK64
[    0.169526] evm: security.SMACK64EXEC
[    0.170163] evm: security.SMACK64TRANSMUTE
[    0.170891] evm: security.SMACK64MMAP
[    0.171518] evm: security.apparmor
[    0.172003] evm: security.ima
[    0.172542] evm: security.capability
[    0.173249] clocksource: jiffies: mask: 0xffffffff max_cycles: 0xffffffff, max_idle_ns: 7645041785100000 ns
[    0.173572] futex hash table entries: 512 (order: 3, 32768 bytes)
[    0.176495] pinctrl core: initialized pinctrl subsystem
[    0.177491] RTC time:  9:53:57, date: 11/04/19
[    0.178392] NET: Registered protocol family 16
[    0.179233] audit: initializing netlink subsys (disabled)
[    0.180041] audit: type=2000 audit(1572861242.310:1): state=initialized audit_enabled=0 res=1
[    0.181232] cpuidle: using governor ladder
[    0.181232] cpuidle: using governor menu
[    0.181452] ACPI: bus type PCI registered
[    0.184009] acpiphp: ACPI Hot Plug PCI Controller Driver version: 0.5
[    0.185156] PCI: Using configuration type 1 for base access
[    0.186117] HugeTLB registered 2.00 MiB page size, pre-allocated 0 pages
[    0.188088] ACPI: Added _OSI(Module Device)
[    0.188838] ACPI: Added _OSI(Processor Device)
[    0.189603] ACPI: Added _OSI(3.0 _SCP Extensions)
[    0.190418] ACPI: Added _OSI(Processor Aggregator Device)
[    0.192005] ACPI: Added _OSI(Linux-Dell-Video)
[    0.192750] ACPI: Added _OSI(Linux-Lenovo-NV-HDMI-Audio)
[    0.193645] ACPI: Added _OSI(Linux-HPI-Hybrid-Graphics)
[    0.194790] ACPI: Executed 1 blocks of module-level executable AML code
[    0.199320] ACPI: Interpreter enabled
[    0.200012] ACPI: (supports S0 S5)
[    0.201982] ACPI: Using IOAPIC for interrupt routing
[    0.204015] PCI: Using host bridge windows from ACPI; if necessary, use "pci=nocrs" and report a bug
[    0.205480] ACPI: Enabled 2 GPEs in block 00 to 07
[    0.210514] ACPI: PCI Root Bridge [PCI0] (domain 0000 [bus 00-ff])
[    0.212007] acpi PNP0A03:00: _OSC: OS supports [ASPM ClockPM Segments MSI]
[    0.212829] acpi PNP0A03:00: _OSC: not requesting OS control; OS requires [ExtendedConfig ASPM ClockPM MSI]
[    0.213938] acpi PNP0A03:00: fail to add MMCONFIG information, can't access extended PCI configuration space under this bridge.
[    0.215440] PCI host bridge to bus 0000:00
[    0.216003] pci_bus 0000:00: root bus resource [io  0x0000-0x0cf7 window]
[    0.216808] pci_bus 0000:00: root bus resource [io  0x0d00-0xffff window]
[    0.217554] pci_bus 0000:00: root bus resource [mem 0x000a0000-0x000bffff window]
[    0.218426] pci_bus 0000:00: root bus resource [mem 0x40000000-0xfdffffff window]
[    0.219282] pci_bus 0000:00: root bus resource [bus 00-ff]
[    0.221312] pci 0000:00:01.1: legacy IDE quirk: reg 0x10: [io  0x01f0-0x01f7]
[    0.222126] pci 0000:00:01.1: legacy IDE quirk: reg 0x14: [io  0x03f6]
[    0.224002] pci 0000:00:01.1: legacy IDE quirk: reg 0x18: [io  0x0170-0x0177]
[    0.224816] pci 0000:00:01.1: legacy IDE quirk: reg 0x1c: [io  0x0376]
[    0.237519] pci 0000:00:07.0: quirk: [io  0x4000-0x403f] claimed by PIIX4 ACPI
[    0.240017] pci 0000:00:07.0: quirk: [io  0x4100-0x410f] claimed by PIIX4 SMB
[    0.253570] ACPI: PCI Interrupt Link [LNKA] (IRQs 5 9 10 *11)
[    0.254699] ACPI: PCI Interrupt Link [LNKB] (IRQs 5 9 *10 11)
[    0.255540] ACPI: PCI Interrupt Link [LNKC] (IRQs 5 *9 10 11)
[    0.256085] ACPI: PCI Interrupt Link [LNKD] (IRQs 5 9 10 *11)
[    0.257092] SCSI subsystem initialized
[    0.257619] pci 0000:00:02.0: vgaarb: setting as boot VGA device
[    0.257619] pci 0000:00:02.0: vgaarb: VGA device added: decodes=io+mem,owns=io+mem,locks=none
[    0.257764] pci 0000:00:02.0: vgaarb: bridge control possible
[    0.260011] vgaarb: loaded
[    0.262638] ACPI: bus type USB registered
[    0.263139] usbcore: registered new interface driver usbfs
[    0.264008] usbcore: registered new interface driver hub
[    0.264633] usbcore: registered new device driver usb
[    0.265320] EDAC MC: Ver: 3.0.0
[    0.265320] PCI: Using ACPI for IRQ routing
[    0.265320] NetLabel: Initializing
[    0.265320] NetLabel:  domain hash size = 128
[    0.268006] NetLabel:  protocols = UNLABELED CIPSOv4 CALIPSO
[    0.268654] NetLabel:  unlabeled traffic allowed by default
[    0.269302] clocksource: Switched to clocksource kvm-clock
[    0.278364] VFS: Disk quotas dquot_6.6.0
[    0.297671] VFS: Dquot-cache hash table entries: 512 (order 0, 4096 bytes)
[    0.298914] AppArmor: AppArmor Filesystem Enabled
[    0.299745] pnp: PnP ACPI init
[    0.301671] pnp: PnP ACPI: found 3 devices
[    0.310268] clocksource: acpi_pm: mask: 0xffffff max_cycles: 0xffffff, max_idle_ns: 2085701024 ns
[    0.311748] NET: Registered protocol family 2
[    0.312732] TCP established hash table entries: 8192 (order: 4, 65536 bytes)
[    0.313840] TCP bind hash table entries: 8192 (order: 5, 131072 bytes)
[    0.315286] TCP: Hash tables configured (established 8192 bind 8192)
[    0.316389] UDP hash table entries: 512 (order: 2, 16384 bytes)
[    0.317332] UDP-Lite hash table entries: 512 (order: 2, 16384 bytes)
[    0.318414] NET: Registered protocol family 1
[    0.319161] pci 0000:00:00.0: Limiting direct PCI/PCI transfers
[    0.320175] pci 0000:00:01.0: ActivatingSADM hngwoarunds
[  05182 pi 00:002.0: Video device with shadowed ROM at [mem 0x000c0000-0x000dffff]
[  07381] npckngintramfs...

[    1.157704] Freeing initrd memory: 19148K
[    1.196641] clocksource: tsc: mask: 0xffffffffffffffff max_cycles: 0x30e5517d4e4, max_idle_ns: 440795261668 ns
[    1.198266] platform rtc_cmos: registered platform RTC device (no PNP device found)
[    1.199618] Scanning for low memory corruption every 60 seconds
[    1.201264] Initialise system trusted keyrings
[    1.202020] Key type blacklist registered
[    1.202764] workingset: timestamp_bits=36 max_order=18 bucket_order=0
[    1.210940] zbud: loaded
[    1.211906] squashfs: version 4.0 (2009/01/31) Phillip Lougher
[    1.212830] fuse init (API version 7.26)
[    1.215113] Key type asymmetric registered
[    1.215611] Asymmetric key parser 'x509' registered
[    1.216239] Block layer SCSI generic (bsg) driver version 0.4 loaded (major 246)
[    1.217145] io scheduler noop registered
[    1.217603] io scheduler deadline registered
[    1.218117] io scheduler cfq registered (default)
[    1.218890] ACPI: AC Adapter [AC] (on-line)
[    1.219421] input: Power Button as /devices/LNXSYSTM:00/LNXPWRBN:00/input/input0
[    1.220350] ACPI: Power Button [PWRF]
[    1.220870] input: Sleep Button as /devices/LNXSYSTM:00/LNXSLPBN:00/input/input1
[    1.221897] ACPI: Sleep Button [SLPF]
[    1.222685] Serial: 8250/16550 driver, 32 ports, IRQ sharing enabled
[    1.245144] 00:02: ttyS0 at I/O 0x3f8 (irq = 4, base_baud = 115200) is a 16550A
[    1.247309] Linux agpgart interface v0.103
[    1.249000] loop: module loaded
[    1.254952] scsi host0: ata_piix
[    1.255604] scsi host1: ata_piix
[    1.256211] ata1: PATA max UDMA/33 cmd 0x1f0 ctl 0x3f6 bmdma 0xd000 irq 14
[    1.257222] ata2: PATA max UDMA/33 cmd 0x170 ctl 0x376 bmdma 0xd008 irq 15
[    1.258559] libphy: Fixed MDIO Bus: probed
[    1.259219] tun: Universal TUN/TAP device driver, 1.6
[    1.259992] PPP generic driver version 2.4.2
[    1.260712] ehci_hcd: USB 2.0 'Enhanced' Host Controller (EHCI) Driver
[    1.261623] ehci-pci: EHCI PCI platform driver
[    1.262272] ehci-platform: EHCI generic platform driver
[    1.263003] ohci_hcd: USB 1.1 'Open' Host Controller (OHCI) Driver
[    1.263844] ohci-pci: OHCI PCI platform driver
[    1.264579] ohci-platform: OHCI generic platform driver
[    1.265306] uhci_hcd: USB Universal Host Controller Interface driver
[    1.266245] i8042: PNP: PS/2 Controller [PNP0303:PS2K,PNP0f03:PS2M] at 0x60,0x64 irq 1,12
[    1.267808] serio: i8042 KBD port at 0x60,0x64 irq 1
[    1.268672] serio: i8042 AUX port at 0x60,0x64 irq 12
[    1.269461] mousedev: PS/2 mouse device common for all mice
[    1.270410] input: AT Translated Set 2 keyboard as /devices/platform/i8042/serio0/input/input2
[    1.271963] rtc_cmos rtc_cmos: rtc core: registered rtc_cmos as rtc0
[    1.272929] rtc_cmos rtc_cmos: alarms up to one day, 114 bytes nvram
[    1.273825] i2c /dev entries driver
[    1.274390] device-mapper: uevent: version 1.0.3
[    1.275109] device-mapper: ioctl: 4.37.0-ioctl (2017-09-20) initialised: dm-devel@redhat.com
[    1.276471] ledtrig-cpu: registered to indicate activity on CPUs
[    1.277703] NET: Registered protocol family 10
[    1.281453] Segment Routing with IPv6
[    1.286441] NET: Registered protocol family 17
[    1.287107] Key type dns_resolver registered
[    1.287799] mce: Using 0 MCE banks
[    1.306662] RAS: Correctable Errors collector initialized.
[    1.307304] sched_clock: Marking stable (1306642938, 0)->(1635521384, -328878446)
[    1.308472] registered taskstats version 1
[    1.308985] Loading compiled-in X.509 certificates
[    1.318371] Loaded X.509 cert 'Build time autogenerated kernel key: 01a66adcc10ca4ce7676a3458c33483b0e2b806e'
[    1.319513] zswap: loaded using pool lzo/zbud
[    1.322717] Key type big_key registered
[    1.323426] Key type trusted registered
[    13325388] Key type encrypted registered
[    1.399950] AppArmor: AppArmor sha1 policy hashing enabled
[    1.400915] ima: No TPM chip found, activating TPM-bypass! (rc=-19)
[    1.401936] ima: Allocated hash algorithm: sha1
[    1.402724] evm: HMAC attrs: 0x1
[    1.403574]   Magic number: 11:622:878
[    1.404435] rtc_cmos rtc_cmos: setting system clock to 2019-11-04 09:53:58 UTC (1572861238)
[    1.406010] BIOS EDD facility v0.16 2004-Jun-25, 0 devices found
[    1.406961] EDD information not available.
[    1.417839] Freeing unused kernel image memory: 2436K
[    1.432112] Write protecting the kernel read-only data: 20480k
[    1.433554] Freeing unused kernel image memory: 2008K
[    1.434522] Freeing unused kernel image memory: 1884K
[    1.440079] x86/mm: Checked W+X mappings: passed, no W+X pages found.
[    1.456320] x86/mm: Checking user space page tables
[    1.461674] x86/mm: Checked W+X mappings: passed, no W+X pages found.
Loading, please wait...
starting version 237
[    1.520723] e1000: Intel(R) PRO/1000 Network Driver - version 7.3.21-k8-NAPI
[    1.526821] e1000: Copyright (c) 1999-2006 Intel Corporation.
[    1.530894] Fusion MPT base driver 3.04.20
[    1.531464] Copyright (c) 1999-2008 LSI Corporation
[    1.545694] AVX2 version of gcm_enc/dec engaged.
[    1.546350] AES CTR mode by8 optimization enabled
[    1.554046] Fusion MPT SPI Host driver 3.04.20
[    1.557496] mptbase: ioc0: Initiating bringup
[    1.696182] ioc0: LSI53C1030 A0: Capabilities={Initiator}
[    2.357423] input: ImExPS/2 Generic Explorer Mouse as /devices/platform/i8042/serio1/input/input4
[    2.597190] scsi host2: ioc0: LSI53C1030 A0, FwRev=00000000h, Ports=1, MaxQ=256, IRQ=20
[    2.792344] scsi 2:0:0:0: Direct-Access     VBOX     HARDDISK         1.0  PQ: 0 ANSI: 5
[    3.076024] scsi target2:0:0: Beginning Domain Validation
[    3.077423] scsi target2:0:0: Domain Validation skipping write tests
[    3.078172] scsi target2:0:0: Ending Domain Validation
[    3.078871] scsi target2:0:0: asynchronous
[    3.079660] scsi 2:0:1:0: Direct-Access     VBOX     HARDDISK         1.0  PQ: 0 ANSI: 5
[    3.244021] scsi target2:0:1: Beginning Domain Validation
[    3.245701] random: fast init done
[    3.246347] scsi target2:0:1: Domain Validation skipping write tests
[    3.247065] scsi target2:0:1: Ending Domain Validation
[    3.247701] scsi target2:0:1: asynchronous
[    3.251221] random: systemd-udevd: uninitialized urandom read (16 bytes read)
[    3.252058] random: systemd-udevd: uninitialized urandom read (16 bytes read)
[    3.252875] random: systemd-udevd: uninitialized urandom read (16 bytes read)
[    3.254009] sd 2:0:0:0: [sda] 20971520 512-byte logical blocks: (10.7 GB/10.0 GiB)
[    3.254956] sd 2:0:0:0: [sda] Write Protect is off
[    3.255651] sd 2:0:0:0: [sda] Incomplete mode parameter data
[    3.256507] sd 2:0:0:0: [sda] Assuming drive cache: write through
[    3.257463] sd 2:0:0:0: Attached scsi generic sg0 type 0
[    3.259085] sd 2:0:1:0: Attached scsi generic sg1 type 0
[    3.260532] sd 2:0:1:0: [sdb] 20480 512-byte logical blocks: (10.5 MB/10.0 MiB)
[    3.261034]  sda: sda1
[    3.262144] sd 2:0:1:0: [sdb] Write Protect is off
[    3.263343] sd 2:0:1:0: [sdb] Incomplete mode parameter data
[    3.264039] sd 2:0:1:0: [sdb] Assuming drive cache: write through
[    3.264977] sd 2:0:0:0: [sda] Attached SCSI disk
[    3.272625] e1000 0000:00:03.0 eth0: (PCI:33MHz:32-bit) 02:b5:0e:9d:9f:27
[    3.273455] e1000 0000:00:03.0 eth0: Intel(R) PRO/1000 Network Connection
[    3.275619] sd 2:0:1:0: [sdb] Attached SCSI disk
[    3.637010] e1000 0000:00:08.0 eth1: (PCI:33MHz:32-bit) 08:00:27:9b:52:a9
[    3.638910] e1000 0000:00:08.0 eth1: Intel(R) PRO/1000 Network Connection
[    3.641048] e1000 0000:00:03.0 enp0s3: renamed from eth0
[    3.664121] e1000 0000:00:08.0 enp0s8: renamed from eth1
Begin: Loading essential drivers ... [    5.086093] raid6: sse2x1   gen() 11285 MB/s
[    5.212415] raid6: sse2x1   xor()  7370 MB/s
[    5.286101] raid6: sse2x2   gen() 15652 MB/s
[    5.346111] raid6: sse2x2   xor() 10080 MB/s
[    5.392965] raid6: sse2x4   gen() 15607 MB/s
[    5.440953] raid6: sse2x4   xor() 11470 MB/s
[    5.496106] raid6: avx2x1   gen() 29133 MB/s
[    5.544848] raid6: avx2x1   xor() 17161 MB/s
[    5.596059] raid6: avx2x2   gen() 31103 MB/s
[    5.644442] raid6: avx2x2   xor() 17886 MB/s
[    5.696075] raid6: avx2x4   gen() 34924 MB/s
[    5.746555] raid6: avx2x4   xor() 21940 MB/s
[    5.747247] raid6: using algorithm avx2x4 gen() 34924 MB/s
[    5.748096] raid6: .... xor() 21940 MB/s, rmw enabled
[    5.748964] raid6: using avx2x2 recovery algorithm
[    5.750881] xor: automatically using best checksumming function   avx       
[    5.752729] async_tx: api initialized (async)
done.
Begin: Running /scripts/init-premount ... done.
Begin: Mounting root file system ... Begin: Running /scripts/local-top ... done.
Begin: Running /scripts/local-premount ... [    5.788030] Btrfs loaded, crc32c=crc32c-intel
Scanning for Btrfs filesystems
done.
Warning: fsck not present, so skipping root file system
[    5.808366] EXT4-fs (sda1): mounted filesystem with ordered data mode. Opts: (null)
done.
Begin: Running /scripts/local-bottom ... done.
Begin: Running /scripts/init-bottom ... done.
[    5.953605] ip_tables: (C) 2000-2006 Netfilter Core Team
[    5.962105] systemd[1]: systemd 237 running in system mode. (+PAM +AUDIT +SELINUX +IMA +APPARMOR +SMACK +SYSVINIT +UTMP +LIBCRYPTSETUP +GCRYPT +GNUTLS +ACL +XZ +LZ4 +SECCOMP +BLKID +ELFUTILS +KMOD -IDN2 +IDN -PCRE2 default-hierarchy=hybrid)
[    5.964635] systemd[1]: Detected virtualization oracle.
[    5.965306] systemd[1]: Detected architecture x86-64.

Welcome to [1mUbuntu 18.04.3 LTS[0m!

[    5.969842] systemd[1]: Set hostname to <ubuntu>.
[    5.971755] systemd[1]: Initializing machine ID from random generator.
[    5.972582] systemd[1]: Installed transient /etc/machine-id file.
[    6.127442] systemd[1]: Reached target System Time Synchronized.
[[0;32m  OK  [0m] Reached target System Time Synchronized.
[    6.130582] systemd[1]: Created slice System Slice.
[[0;32m  OK  [0m] Created slice System Slice.
[    6.133271] systemd[1]: Listening on Device-mapper event daemon FIFOs.
[[0;32m  OK  [0m] Listening on Device-mapper event daemon FIFOs.
[    6.135003] systemd[1]: Listening on LVM2 poll daemon socket.
[[0;32m  OK  [0m] Listening on LVM2 poll daemon socket.
[[0;32m  OK  [0m] Created slice system-serial\x2dgetty.slice.
[[0;32m  OK  [0m] Listening on Journal Socket (/dev/log).
[[0;32m  OK  [0m] Listening on Journal Socket.
         Mounting Huge Pages File System...
         Starting Create list of required st…ce nodes for the current kernel...
[[0;32m  OK  [0m] Listening on udev Control Socket.
[[0;32m  OK  [0m] Listening on /dev/initctl Compatibility Named Pipe.
[[0;32m  OK  [0m] Listening on Network Service Netlink Socket.
         Starting Uncomplicated firewall...
[[0;32m  OK  [0m] Listening on udev Kernel Socket.
[[0;32m  OK  [0m] Created slice User and Session Slice.
[[0;32m  OK  [0m] Reached target Slices.
[[0;32m  OK  [0m] Listening on LVM2 metadata daemon socket.
         Starting Monitoring of LVM2 mirrors…ng dmeventd or progress polling...
         Mounting Kernel Debug File System...
         Mounting POSIX Message Queue File System...
[[0;32m  OK  [0m] Listening on Syslog Socket.
         Starting Load Kernel Modules...
[[0;32m  OK  [0m] Listening on Journal Audit Socket.
         Starting Journal Service...
         Starting udev Coldplug all Devices...
         Starting Set the console keyboard layout...
[[0;32m  OK  [0m] Started Forward Password Requests to Wall Directory Watch.
[[0;32m  OK  [0m] Set up automount Arbitrary Executab…rmats File System Automount Point.
[    6.190921] Loading iSCSI transport class v2.0-870.
[    6.195237] iscsi: registered transport (tcp)
[    6.206972] iscsi: registered transport (iser)
[[0;32m  OK  [0m] Reached target Swap.
         Starting Remount Root and Kernel File Systems...
[[0;32m  OK  [0m] Reached target User and Group Name Lookups.
[[0;32m  OK  [0m] Mounted Huge Pages File System.
[[0;32m  OK  [0m] Started Create list of required sta…vice nodes for the current kernel.
[[0;32m  OK  [0m] Started Uncomplicated firewall.
[[0;32m  OK  [0m] Mounted Kernel Debug File System.
[[0;32m  OK  [0m] Mounted POSIX Message Queue File System.
[[0;32m  OK  [0m] Started Load Kernel Modules.
         Mounting Kernel Configuration File System...
         Mounting FUSE Control File System...
         Starting Apply Kernel Variables...
         Starting Create Static Device Nodes in /dev...
[[0;32m  OK  [0m] Mounted FUSE Control File System.
[[0;32m  OK  [0m] Mounted Kernel Configuration File System.
[[0;32m  OK  [0m] Started LVM2 metadata daemon.
[[0;32m  OK  [0m] Started udev Coldplug all Devices.
[    6.280447] EXT4-fs (sda1): re-mounted. Opts: (null)
[[0;32m  OK  [0m] Started Journal Service.
[[0;32m  OK  [0m] Started Remount Root and Kernel File Systems.
         Starting Flush Journal to Persistent Storage...
         Starting Load/Save Random Seed...
[[0;32m  OK  [0m] Started Create Static Device Nodes in /dev.
         Starting udev Kernel Device Manager...
[[0;32m  OK  [0m] Started Apply Kernel Variables.
[[0;32m  OK  [0m] Started Load/Save Random Seed.
[[0;32m  OK  [0m] Started Monitoring of LVM2 mirrors,…sing dmeventd or progress polling.
[[0;32m  OK  [0m] Started udev Kernel Device Manager.
[[0;32m  OK  [0m] Started Flush Journal to Persistent Storage.
[[0;32m  OK  [0m] Started Set the console keyboard layout.
[[0;32m  OK  [0m] Started Dispatch Password Requests to Console Directory Watch.
[[0;32m  OK  [0m] Reached target Local Encrypted Volumes.
[[0;32m  OK  [0m] Reached target Local File Systems (Pre).
[[0;32m  OK  [0m] Reached target Local File Systems.
         Starting Create Volatile Files and Directories...
         Starting Commit a transient machine-id on disk...
         Starting AppArmor initialization...
         Starting Tell Plymouth To Write Out Runtime Data...
         Starting Set console font and keymap...
         Starting ebtables ruleset management...
[[0;32m  OK  [0m] Started Create Volatile Files and Directories.
         Starting Update UTMP about System Boot/Shutdown...
[[0;32m  OK  [0m] Started Tell Plymouth To Write Out Runtime Data.
[[0;32m  OK  [0m] Started Set console font and keymap.
[[0;32m  OK  [0m] Started Update UTMP about System Boot/Shutdown.
[[0;32m  OK  [0m] Started Commit a transient machine-id on disk.
[[0;32m  OK  [0m] Started ebtables ruleset management.
[[0;32m  OK  [0m] Found device /dev/ttyS0.
[[0;32m  OK  [0m] Listening on Load/Save RF Kill Switch Status /dev/rfkill Watch.
[[0;32m  OK  [0m] Started AppArmor initialization.
         Starting Initial cloud-init job (pre-networking)...
[    7.965806] cloud-init[538]: Cloud-init v. 19.2-36-g059d049c-0ubuntu2~18.04.1 running 'init-local' at Mon, 04 Nov 2019 09:54:04 +0000. Up 7.68 seconds.
[[0;32m  OK  [0m] Started Initial cloud-init job (pre-networking).
[[0;32m  OK  [0m] Reached target Network (Pre).
         Starting Network Service...
[[0;32m  OK  [0m] Started Network Service.
         Starting Network Name Resolution...
         Starting Wait for Network to be Configured...
[[0;32m  OK  [0m] Started Network Name Resolution.
[[0;32m  OK  [0m] Reached target Network.
[[0;32m  OK  [0m] Reached target Host and Network Name Lookups.
[[0;32m  OK  [0m] Started Wait for Network to be Configured.
         Starting Initial cloud-init job (metadata service crawler)...
[    9.926716] cloud-init[647]: Cloud-init v. 19.2-36-g059d049c-0ubuntu2~18.04.1 running 'init' at Mon, 04 Nov 2019 09:54:06 +0000. Up 9.81 seconds.
[    9.929258] cloud-init[647]: ci-info: ++++++++++++++++++++++++++++++++++++++Net device info++++++++++++++++++++++++++++++++++++++
[    9.930433] cloud-init[647]: ci-info: +--------+-------+---------------------------+---------------+--------+-------------------+
[    9.942840] cloud-init[647]: ci-info: | Device |   Up  |          Address          |      Mask     | Scope  |     Hw-Address    |
[    9.944248] cloud-init[647]: ci-info: +--------+-------+---------------------------+---------------+--------+-------------------+
[    9.945620] cloud-init[647]: ci-info: | enp0s3 |  True |         10.0.2.15         | 255.255.255.0 | global | 02:b5:0e:9d:9f:27 |
[    9.946995] cloud-init[647]: ci-info: | enp0s3 |  True | fe80::b5:eff:fe9d:9f27/64 |       .       |  link  | 02:b5:0e:9d:9f:27 |
[    9.948385] cloud-init[647]: ci-info: | enp0s8 | False |             .             |       .       |   .    | 08:00:27:9b:52:a9 |
[    9.949819] cloud-init[647]: ci-info: |   lo   |  True |         127.0.0.1         |   255.0.0.0   |  host  |         .         |
[    9.951279] cloud-init[647]: ci-info: |   lo   |  True |          ::1/128          |       .       |  host  |         .         |
[    9.952724] cloud-init[647]: ci-info: +--------+-------+---------------------------+---------------+--------+-------------------+
[    9.954177] cloud-init[647]: ci-info: ++++++++++++++++++++++++++++Route IPv4 info+++++++++++++++++++++++++++++
[    9.955461] cloud-init[647]: ci-info: +-------+-------------+----------+-----------------+-----------+-------+
[    9.956773] cloud-init[647]: ci-info: | Route | Destination | Gateway  |     Genmask     | Interface | Flags |
[    9.958086] cloud-init[647]: ci-info: +-------+-------------+----------+-----------------+-----------+-------+
[    9.959267] cloud-init[647]: ci-info: |   0   |   0.0.0.0   | 10.0.2.2 |     0.0.0.0     |   enp0s3  |   UG  |
[    9.960473] cloud-init[647]: ci-info: |   1   |   10.0.2.0  | 0.0.0.0  |  255.255.255.0  |   enp0s3  |   U   |
[    9.961660] cloud-init[647]: ci-info: |   2   |   10.0.2.2  | 0.0.0.0  | 255.255.255.255 |   enp0s3  |   UH  |
[    9.962807] cloud-init[647]: ci-info: +-------+-------------+----------+-----------------+-----------+-------+
[    9.963972] cloud-init[647]: ci-info: +++++++++++++++++++Route IPv6 info+++++++++++++++++++
[    9.965059] cloud-init[647]: ci-info: +-------+-------------+---------+-----------+-------+
[    9.966078] cloud-init[647]: ci-info: | Route | Destination | Gateway | Interface | Flags |
[    9.967101] cloud-init[647]: ci-info: +-------+-------------+---------+-----------+-------+
[    9.968182] cloud-init[647]: ci-info: |   1   |  fe80::/64  |    ::   |   enp0s3  |   U   |
[    9.969151] cloud-init[647]: ci-info: |   3   |    local    |    ::   |   enp0s3  |   U   |
[    9.970151] cloud-init[647]: ci-info: |   4   |   ff00::/8  |    ::   |   enp0s3  |   U   |
[    9.971178] cloud-init[647]: ci-info: +-------+-------------+---------+-----------+-------+
[   10.511858] cloud-init[647]: Generating public/private rsa key pair.
[   10.516237] cloud-init[647]: Your identification has been saved in /etc/ssh/ssh_host_rsa_key.
[   10.517629] cloud-init[647]: Your public key has been saved in /etc/ssh/ssh_host_rsa_key.pub.
[   10.518980] cloud-init[647]: The key fingerprint is:
[   10.520040] cloud-init[647]: SHA256:wixBQv4PZ/Yvj5FgvwE//u2femy0K0lsFXy56uAMU30 root@ubuntu-bionic
[   10.544215] cloud-init[647]: The key's randomart image is:
[   10.545264] cloud-init[647]: +---[RSA 2048]----+
[   10.550227] cloud-init[647]: | .o .        .  .|
[   10.552243] cloud-init[647]: | . o          o..|
[[0;32m  OK  [0m] Started Initial cloud-init job (metadata service crawler).
[   10.568435] [[0;32m  OK  [0m] Reached target System Initialization.
[[0;32m  OK  [0m] Started Message of the Day.
[[0;32m  OK  [0m] Started Daily apt download activities.
[[0;32m  OK  [0m] Started Daily apt upgrade and clean activities.
[[0;32m  OK  [0m] Started Discard unused blocks once a week.
[[0;32m  OK  [0m] Started Daily Cleanup of Temporary Directories.
[[0;32m  OK  [0m] Listening on D-Bus System Message Bus Socket.
[[0;32m  OK  [0m] Listening on ACPID Listen Socket.
[[0;32m  OK  [0m] Started ACPI Events Check.
[[0;32m  OK  [0m] Reached target Paths.
         Starting Socket activation for snappy daemon.
[[0;32m  OK  [0m] Reached target Timers.
[[0;32m  OK  [0m] Listening on Open-iSCSI iscsid Socket.
[[0;32m  OK  [0m] Listening on UUID daemon activation socket.
         Starting LXD - unix socket.
[[0;32m  OK  [0m] Reached target Network is Online.
[[0;32m  OK  [0m] Reached target Remote File Systems (Pre).
[[0;32m  OK  [0m] Reached target Remote File Systems.
         Starting Availability of block devices...
[[0;32m  OK  [0m] Reached target Cloud-config availability.
[[0;32m  OK  [0m] Listening on Socket activation for snappy daemon.
[[0;32m  OK  [0m] Listening on LXD - unix socket.
[[0;32m  OK  [0m] Reached target Sockets.
[[0;32m  OK  [0m] Reached target Basic System.
         Starting LSB: automatic crash report generation...
         Starting Dispatcher daemon for systemd-networkd...
         Starting LXD - container startup/shutdown...
         Starting LSB: Record successful boot for GRUB...
[[0;32m  OK  [0m] Started FUSE filesystem for LXC.
cloud-init[647]: |  . .       .  o.|
[   10.589265] cloud-init         Starting Login Service...
[647]: |   . +     . ..E |
         Starting Pollinate to seed the pseudo random number generator...
         Starting System Logging Service...
         Starting Accounts Service...
[   10.604407] cloud-init[647]: |    + @ S .. .o  |
[[0;32m  OK  [0m] Started Deferred execution scheduler.
[   10.620294] cloud-init[647]: |     O B + .+..  |
[   10.624347] cloud-init[647]: |      . O =oo+ . |
[   10.625498] cloud-init[647]: |       ..B +o.=. |
[   10.626567] cloud-init[647]: |        +++.+*+. |
[   10.627596] cloud-init[647]: +----[SHA256]-----+
[   10.628702] cloud-init[647]: Generating public/private dsa key pair.
[   10.629907] cloud-init[647]: Your identification has been saved in /etc/ssh/ssh_host_dsa_key.
[   10.634093] cloud-init[647]: Your public key has been saved in /etc/ssh/ssh_host_dsa_key.pub.
[   10.637112] cloud-init[647]: The key fingerprint is:
[   10.638816] cloud-init[647]: SHA256:+eqIqPZmlRyYFBkDJqskFYF31HgnBtoAPXhVZBxldjM root@ubuntu-bionic
[   10.675848] cloud-init[647]: The key's randomart image is:
[   10.676828] cloud-init[647]: +---[DSA 1024]----+
[   10.677588] cloud-init[647]: |oB*OBB=o+ E      |
[   10.678325] cloud-init[647]: |=o=*+.*o.. o     |
[   10.679014] cloud-init[647]: |o+oo+o o         |
[   10.679710] cloud-init[647]: |+  o .   .       |
[   10.680673] cloud-init[647]: |.   . o S        |
[   10.681350] cloud-init[647]: |     +   .       |
[   10.682152] cloud-init[647]: |    .     .      |
[   10.683596] cloud-init[647]: | . + . . .       |
[   10.686303] cloud-init[647]: |o.=.. ..o        |
[   10.692723] cloud-init[647]: +----[SHA256]-----+
[   10.693840] cloud-init[647]: Generating public/private ecdsa key pair.
[   10.695177] cloud-init[647]: Your identification has been saved in /etc/ssh/ssh_host_ecdsa_key.
[   10.696734] cloud-init[647]: Your public key has been saved in /etc/ssh/ssh_host_ecdsa_key.pub.
[   10.705178] cloud-init[647]: The key fingerprint is:
[   10.706283] cloud-init[647]: SHA256:ecQydsy6pbvn7NewGeDCc+HKVNJiRNJ6LpR1ob0TNbo root@ubuntu-bionic
[   10.712363] cloud-init[647]: The key's randomart image is:
[   10.713087] cloud-init[647]: +---[ECDSA 256]---+
[   10.713682] cloud-init[647]: |      .o. ..o    |
[   10.714270] cloud-init[647]: |       .+*.o .   |
[   10.714844] cloud-init[647]: |       ==oX      |
[   10.715433] cloud-init[647]: |      +.=B=+     |
[[0;32m  OK  [0m] Started irqbalance daemon.
[   10.717820] cloud-init[647]: |     . =S*Eo     |
[[0;32m  OK  [0m] Started D-Bus System Message Bus.
[   10.719335] cloud-init[647]: |      . *=+.o    |
[   10.720465] cloud-init[647]: |       +o=   *   |
[   10.721626] cloud-init[647]: |        oo. + .  |
[   10.722579] cloud-init[647]: |        o=+.     |
[   10.736255] cloud-init[647]: +----[SHA256]-----+
[   10.738027] cloud-init[647]: Generating public/private ed25519 key pair.
[   10.744509] cloud-init[647]: Your identification has been saved in /etc/ssh/ssh_host_ed25519_key.
[   10.746049] cloud-init[647]: Your public key has been saved in /etc/ssh/ssh_host_ed25519_key.pub.
[   10.747620] cloud-init[647]: The key fingerprint is:
[   10.749032] cloud-init[647]: SHA256:qsIzf0xgYPDl4XYZc2WCbvr0RDhrKURDKHW5UDY7L2g root@ubuntu-bionic
[   10.750603] cloud-init[647]: The key's randomart image is:
[   10.751803] cloud-init[647]: +--[ED25519 256]--+
[   10.753696] cloud-init[647]: |.o.+O.o.o.o      |
[   10.755173] cloud-init[647]: |..=*++.= o       |
[   10.758157] cloud-init[647]: | o.+*+o.         |
[   10.759324] cloud-init[647]: |   o=+= .        |
[   10.760596] cloud-init[647]: |  Eo.+.=S        |
[   10.761585] cloud-init[647]: | .  o.*..        |
[   10.762555] cloud-init[647]: | .   B.o         |
[   10.763519] cloud-init[647]: |  =  .+ .        |
[   10.765151] cloud-init[647]: |   =o.           |
[   10.766186] cloud-init[647]: +----[SHA256]-----+
[[0;32m  OK  [0m] Started Login Service.
[[0;32m  OK  [0m] Started Unattended Upgrades Shutdown.
         Starting Virtualbox guest utils...
[[0;32m  OK  [0m] Started Regular background program processing daemon.
         Starting Permit User Sessions...
         Starting Snappy daemon...
[[0;32m  OK  [0m] Started System Logging Service.
[[0;32m  OK  [0m] Started Availability of block devices.
[[0;32m  OK  [0m] Started Permit User Sessions.
         Starting Terminate Plymouth Boot Screen...
         Starting Hold until boot process finishes up...
         Starting Authorization Manager...
[[0;32m  OK  [0m] Started LSB: automatic crash report generation.
[[0;32m  OK  [0m] Started LXD - container startup/shutdown.
[[0;32m  OK  [0m] Started Terminate Plymouth Boot Screen.
[[0;32m  OK  [0m] Started Hold until boot process finishes up.
[[0;32m  OK  [0m] Started Serial Getty on ttyS0.
         Starting Set console scheme...
[[0;32m  OK  [0m] Started LSB: Record successful boot for GRUB.
[[0;32m  OK  [0m] Started Virtualbox guest utils.
[[0;32m  OK  [0m] Started Authorization Manager.
[[0;32m  OK  [0m] Started Accounts Service.
[[0;32m  OK  [0m] Started Set console scheme.
[[0;32m  OK  [0m] Created slice system-getty.slice.
[[0;32m  OK  [0m] Started Getty on tty1.
[[0;32m  OK  [0m] Reached target Login Prompts.
[[0;32m  OK  [0m] Started Dispatcher daemon for systemd-networkd.
[[0;32m  OK  [0m] Started Snappy daemon.
         Starting Wait until snapd is fully seeded...
[[0;32m  OK  [0m] Started Pollinate to seed the pseudo random number generator.
         Starting OpenBSD Secure Shell server...
[[0;32m  OK  [0m] Started OpenBSD Secure Shell server.
[[0;32m  OK  [0m] Created slice User Slice of vagrant.
         Starting User Manager for UID 1000...
[[0;32m  OK  [0m] Started Session 1 of user vagrant.
[[0;32m  OK  [0m] Started User Manager for UID 1000.
[[0;32m  OK  [0m] Started Wait until snapd is fully seeded.
         Starting Apply the settings specified in cloud-config...
[[0;32m  OK  [0m] Reached target Multi-User System.
[[0;32m  OK  [0m] Reached target Graphical Interface.
         Starting Update UTMP about System Runlevel Changes...
[[0;32m  OK  [0m] Started Update UTMP about System Runlevel Changes.
[   13.674845] cloud-init[1202]: Cloud-init v. 19.2-36-g059d049c-0ubuntu2~18.04.1 running 'modules:config' at Mon, 04 Nov 2019 09:54:10 +0000. Up 13.29 seconds.
[[0;32m  OK  [0m] Started Apply the settings specified in cloud-config.
         Starting Execute cloud user/final scripts...
ci-info: no authorized ssh keys fingerprints found for user ubuntu.
<14>Nov  4 09:54:11 ec2: 
<14>Nov  4 09:54:11 ec2: #############################################################
<14>Nov  4 09:54:11 ec2: -----BEGIN SSH HOST KEY FINGERPRINTS-----
<14>Nov  4 09:54:11 ec2: 1024 SHA256:+eqIqPZmlRyYFBkDJqskFYF31HgnBtoAPXhVZBxldjM root@ubuntu-bionic (DSA)
<14>Nov  4 09:54:11 ec2: 256 SHA256:ecQydsy6pbvn7NewGeDCc+HKVNJiRNJ6LpR1ob0TNbo root@ubuntu-bionic (ECDSA)
<14>Nov  4 09:54:11 ec2: 256 SHA256:qsIzf0xgYPDl4XYZc2WCbvr0RDhrKURDKHW5UDY7L2g root@ubuntu-bionic (ED25519)
<14>Nov  4 09:54:11 ec2: 2048 SHA256:wixBQv4PZ/Yvj5FgvwE//u2femy0K0lsFXy56uAMU30 root@ubuntu-bionic (RSA)
<14>Nov  4 09:54:11 ec2: -----END SSH HOST KEY FINGERPRINTS-----
<14>Nov  4 09:54:11 ec2: #############################################################
-----BEGIN SSH HOST KEY KEYS-----
ecdsa-sha2-nistp256 AAAAE2VjZHNhLXNoYTItbmlzdHAyNTYAAAAIbmlzdHAyNTYAAABBBH2ryfVZlv054kw6LOVqawpbikBE9N67VyTfqWZbQTJwX9VE1FkIF7ZI7YB3oKUx3KmwI9Tl713HLZ7sgN5w924= root@ubuntu-bionic
ssh-ed25519 AAAAC3NzaC1lZDI1NTE5AAAAIJgX7E8yXMh3/cTToyFg/ccDc39vW+QSHt3pW0AnPR9r root@ubuntu-bionic
ssh-rsa AAAAB3NzaC1yc2EAAAADAQABAAABAQCt3zIjIkdOlvyMmAXW35SauCE2gWlXLOa9aeFx3+nEJiA8HPN5TLtvw7ePNzy4dx71AJ2jk8wX29bgXKSeWnVmfmKC2a0FiBvOR/wzTbi2E4syzy+2V5jJpQp58eiiJaToJ9ICWRWcDerv345gT1ezGdh/RlaXdOR/f8LUOMWPR5EytwyRC3tM0U2s28UceSSO4txeUCZnFOX29m5K1yrojBmOGuW2KRX4JvQwqdaX3zC2qjcbmZFEpNcwzzmdJEycwL/NsH9mVvDPu6ekQpgTahShkhFbwpN1Vak9snv6+ddcNHm9VFKBrlhe79SeN9mnXeT9ffEGMzcrQ28XQLg5 root@ubuntu-bionic
-----END SSH HOST KEY KEYS-----
[   14.270577] cloud-init[1318]: Cloud-init v. 19.2-36-g059d049c-0ubuntu2~18.04.1 running 'modules:final' at Mon, 04 Nov 2019 09:54:11 +0000. Up 14.13 seconds.
[   14.282956] cloud-init[1318]: ci-info: no authorized ssh keys fingerprints found for user ubuntu.
[   14.284108] cloud-init[1318]: Cloud-init v. 19.2-36-g059d049c-0ubuntu2~18.04.1 finished at Mon, 04 Nov 2019 09:54:11 +0000. Datasource DataSourceNoCloud [seed=/dev/sdb][dsmode=net].  Up 14.26 seconds
[[0;32m  OK  [0m] Started Execute cloud user/final scripts.
[[0;32m  OK  [0m] Reached target Cloud-init target.

Ubuntu 18.04.3 LTS ubuntu-bionic ttyS0

ubuntu-bionic login: 